c:\users\hibb\onedrive\desktop\c++\opengl\opengl\debug\vc143.pdb
c:\users\hibb\onedrive\desktop\c++\opengl\opengl\debug\vc143.idb
c:\users\hibb\onedrive\desktop\c++\opengl\opengl\debug\main.obj
c:\users\hibb\onedrive\desktop\c++\opengl\opengl\debug\errorcheck.obj
c:\users\hibb\onedrive\desktop\c++\opengl\opengl\debug\homework1.obj
c:\users\hibb\onedrive\desktop\c++\opengl\opengl\debug\test.obj
c:\users\hibb\onedrive\desktop\c++\opengl\opengl\debug\shader.obj
c:\users\hibb\onedrive\desktop\c++\opengl\opengl\debug\源.obj
c:\users\hibb\onedrive\desktop\c++\opengl\opengl\debug\camera.obj
c:\users\hibb\onedrive\desktop\c++\opengl\opengl\debug\lightcone.obj
c:\users\hibb\onedrive\desktop\c++\opengl\opengl\debug\glad.obj
c:\users\hibb\onedrive\desktop\c++\opengl\debug\opengl.exe
c:\users\hibb\onedrive\desktop\c++\opengl\debug\opengl.pdb
c:\users\hibb\onedrive\desktop\c++\opengl\debug\assimp-vc143-mtd.dll
c:\users\hibb\onedrive\desktop\c++\opengl\debug\poly2tri.dll
c:\users\hibb\onedrive\desktop\c++\opengl\debug\minizip.dll
c:\users\hibb\onedrive\desktop\c++\opengl\debug\zlibd1.dll
c:\users\hibb\onedrive\desktop\c++\opengl\debug\kubazip.dll
c:\users\hibb\onedrive\desktop\c++\opengl\debug\pugixml.dll
c:\users\hibb\onedrive\desktop\c++\opengl\opengl\debug\opengl.res
c:\users\hibb\onedrive\desktop\c++\opengl\opengl\debug\opengl.ilk
c:\users\hibb\onedrive\desktop\c++\opengl\opengl\debug\opengl.tlog\cl.command.1.tlog
c:\users\hibb\onedrive\desktop\c++\opengl\opengl\debug\opengl.tlog\cl.items.tlog
c:\users\hibb\onedrive\desktop\c++\opengl\opengl\debug\opengl.tlog\cl.read.1.tlog
c:\users\hibb\onedrive\desktop\c++\opengl\opengl\debug\opengl.tlog\cl.write.1.tlog
c:\users\hibb\onedrive\desktop\c++\opengl\opengl\debug\opengl.tlog\link.command.1.tlog
c:\users\hibb\onedrive\desktop\c++\opengl\opengl\debug\opengl.tlog\link.read.1.tlog
c:\users\hibb\onedrive\desktop\c++\opengl\opengl\debug\opengl.tlog\link.secondary.1.tlog
c:\users\hibb\onedrive\desktop\c++\opengl\opengl\debug\opengl.tlog\link.write.1.tlog
c:\users\hibb\onedrive\desktop\c++\opengl\opengl\debug\opengl.tlog\opengl.write.1u.tlog
c:\users\hibb\onedrive\desktop\c++\opengl\opengl\debug\opengl.tlog\rc.command.1.tlog
c:\users\hibb\onedrive\desktop\c++\opengl\opengl\debug\opengl.tlog\rc.read.1.tlog
c:\users\hibb\onedrive\desktop\c++\opengl\opengl\debug\opengl.tlog\rc.write.1.tlog
